[     491ms] [WARNING] <link rel=preload> uses an unsupported `as` value @ https://www.notion.com/es-es:55
[     492ms] [WARNING] <link rel=preload> uses an unsupported `as` value @ https://www.notion.com/es-es:55
[     492ms] [WARNING] <link rel=preload> uses an unsupported `as` value @ https://www.notion.com/es-es:55
[     492ms] [WARNING] <link rel=preload> uses an unsupported `as` value @ https://www.notion.com/es-es:55
[     492ms] [WARNING] <link rel=preload> uses an unsupported `as` value @ https://www.notion.com/es-es:55
[    1834ms] [ERROR] _app.error ErrorEvent @ https://www.notion.com/_next/static/chunks/pages/_app-3995cbb846c6c7b5.js:0
[    1841ms] Error: Minified React error #421; visit https://reactjs.org/docs/error-decoder.html?invariant=421 for the full message or use the non-minified dev environment for full errors and additional helpful warnings.
    at https://www.notion.com/_next/static/chunks/framework-cddb744a1350cd02.js:1:78170
    at uk (https://www.notion.com/_next/static/chunks/framework-cddb744a1350cd02.js:1:78444)
    at i (https://www.notion.com/_next/static/chunks/framework-cddb744a1350cd02.js:1:121409)
    at oD (https://www.notion.com/_next/static/chunks/framework-cddb744a1350cd02.js:1:99173)
    at https://www.notion.com/_next/static/chunks/framework-cddb744a1350cd02.js:1:99040
    at oO (https://www.notion.com/_next/static/chunks/framework-cddb744a1350cd02.js:1:99047)
    at ox (https://www.notion.com/_next/static/chunks/framework-cddb744a1350cd02.js:1:94086)
    at x (https://www.notion.com/_next/static/chunks/framework-cddb744a1350cd02.js:1:137583)
    at MessagePort.T (https://www.notion.com/_next/static/chunks/framework-cddb744a1350cd02.js:1:138113)
[    2182ms] [WARNING] Amplitude Logger [Warn]: Event not tracked, no destination plugins on the instance @ https://www.notion.com/_next/static/chunks/sentry.next.9ad4b3b9ba776411.js:18
[    2214ms] [WARNING] Amplitude Logger [Warn]: Event not tracked, no destination plugins on the instance @ https://www.notion.com/_next/static/chunks/sentry.next.9ad4b3b9ba776411.js:18
[    2779ms] [WARNING] [GSI_LOGGER]: Your client application uses one of the Google One Tap prompt UI status methods that may stop functioning when FedCM becomes mandatory. Refer to the migration guide to update your code accordingly and opt-in to FedCM to test your changes. Learn more: https://developers.google.com/identity/gsi/web/guides/fedcm-migration?s=dc#display_moment and https://developers.google.com/identity/gsi/web/guides/fedcm-migration?s=dc#skipped_moment @ https://www.notion.com/_next/static/chunks/sentry.next.9ad4b3b9ba776411.js:18
[    2787ms] [ERROR] Not signed in with the identity provider. @ https://www.notion.com/es-es:0
[    7271ms] [ERROR] [GSI_LOGGER]: FedCM get() rejects with NetworkError: Error retrieving a token. @ https://www.notion.com/_next/static/chunks/sentry.next.9ad4b3b9ba776411.js:18
